[main.c:46:main()] Initializing simulation.
[main.c:85:main()] Writing output to /home/james/code/sana-fe/tutorial
[main.c:200:main()] Reading network from file.
[network.c:194:network_create_neuron_group()] Created neuron group gid:0 count:1024 threshold:255.000000 neg threshold:-1.000000 pos reset:0.000000 reset mode:2 neg reset:0.000000 neg reset mode:0
[network.c:194:network_create_neuron_group()] Created neuron group gid:1 count:3600 threshold:420.000000 neg threshold:-1.000000 pos reset:0.000000 reset mode:2 neg reset:0.000000 neg reset mode:0
[network.c:194:network_create_neuron_group()] Created neuron group gid:2 count:5408 threshold:351.000000 neg threshold:-1.000000 pos reset:0.000000 reset mode:2 neg reset:0.000000 neg reset mode:0
[network.c:194:network_create_neuron_group()] Created neuron group gid:3 count:7744 threshold:276.000000 neg threshold:-1.000000 pos reset:0.000000 reset mode:2 neg reset:0.000000 neg reset mode:0
[network.c:194:network_create_neuron_group()] Created neuron group gid:4 count:891 threshold:371.000000 neg threshold:-1.000000 pos reset:0.000000 reset mode:2 neg reset:0.000000 neg reset mode:0
[network.c:194:network_create_neuron_group()] Created neuron group gid:5 count:11 threshold:341.000000 neg threshold:-1.000000 pos reset:0.000000 reset mode:2 neg reset:0.000000 neg reset mode:0
[arch.c:552:arch_print_connection_map_summary()] ** Mapping summary **
[arch.c:581:arch_print_connection_map_summary()] Total cores: 42
[arch.c:582:arch_print_connection_map_summary()] Average in map count: 4281.880952
[arch.c:583:arch_print_connection_map_summary()] Average out map count: 4281.880952
[main.c:210:main()] Creating probe and perf data files.
[main.c:228:main()] Running simulation.
[main.c:235:main()] *** Time-step 100 ***
[main.c:235:main()] *** Time-step 200 ***
[main.c:235:main()] *** Time-step 300 ***
[main.c:235:main()] *** Time-step 400 ***
[main.c:235:main()] *** Time-step 500 ***
[main.c:235:main()] *** Time-step 600 ***
[main.c:235:main()] *** Time-step 700 ***
[main.c:235:main()] *** Time-step 800 ***
[main.c:235:main()] *** Time-step 900 ***
[main.c:235:main()] *** Time-step 1000 ***
[main.c:240:main()] ***** Run Summary *****
git_version: 
energy: 3.451703e-03
sim_time: 2.659117e-02
total_spikes: 51830490
total_packets: 2495985
total_neurons_fired: 367770
wall_time: 27.669519
timesteps: 1000
[main.c:250:main()] Average power consumption: 0.129806 W.
[main.c:259:main()] Run finished.
Creating layer with 1024 neurons
Creating neuron 0
Creating neuron 1000
Creating layer with 3600 neurons
Creating neuron 0
Creating neuron 1000
Creating neuron 2000
Creating neuron 3000
Creating layer with 5408 neurons
Creating neuron 0
Creating neuron 1000
Creating neuron 2000
Creating neuron 3000
Creating neuron 4000
Creating neuron 5000
Creating layer with 7744 neurons
Creating neuron 0
Creating neuron 1000
Creating neuron 2000
Creating neuron 3000
Creating neuron 4000
Creating neuron 5000
Creating neuron 6000
Creating neuron 7000
Creating layer with 891 neurons
Creating neuron 0
Creating layer with 11 neurons
Creating neuron 0
Mapping 1024 neurons to 1 cores
Mapping 3600 neurons to 4 cores
Mapping 5408 neurons to 16 cores
Mapping 7744 neurons to 16 cores
Mapping 891 neurons to 4 cores
Mapping 11 neurons to 1 cores
Command: /home/james/code/sana-fe/sim -p -o /home/james/code/sana-fe/tutorial /home/james/code/sana-fe/loihi.yaml.parsed /home/james/code/sana-fe/tutorial/dvs_challenge.net 1000
Energy-Delay product: 9.178482126251e-05
